2025-06-08 20:38:18,583 - INFO - 🚀 Script started
2025-06-08 20:38:18,583 - INFO - 🔄 Fetching reviews...
2025-06-08 20:38:20,767 - INFO - 📥 Retrieved 449 reviews
2025-06-08 20:38:20,775 - INFO - ✅ Saved 449 reviews to Dashen_reviews_20250608_203820.csv
2025-06-08 20:41:35,156 - INFO - 🚀 Script started
2025-06-08 20:41:35,156 - INFO - 🔄 Fetching reviews...
2025-06-08 20:41:42,347 - INFO - 📥 Retrieved 5000 reviews
2025-06-08 20:41:42,393 - INFO - ✅ Saved 5000 reviews to Dashen_reviews_20250608_204142.csv
2025-06-08 20:42:34,559 - INFO - 🚀 Script started
2025-06-08 20:42:34,559 - INFO - 🔄 Fetching reviews...
2025-06-08 20:42:41,795 - INFO - 📥 Retrieved 5000 reviews
2025-06-08 20:42:41,851 - INFO - ✅ Saved 5000 reviews to Commercial_Bank_20250608_204241.csv
2025-06-08 20:45:29,782 - INFO - 🚀 Script started
2025-06-08 20:45:29,782 - INFO - 🔄 Fetching reviews...
2025-06-08 20:45:42,441 - INFO - 🚀 Script started
2025-06-08 20:45:42,441 - INFO - 🔄 Fetching reviews...
2025-06-08 20:45:48,205 - INFO - 📥 Retrieved 1044 reviews
2025-06-08 20:45:48,216 - INFO - ✅ Saved 1044 reviews to Abyssinia_Bank_20250608_204548.csv
2025-06-08 22:52:20,054 - INFO - 🚀 Script started
2025-06-08 22:52:20,054 - INFO - 🔄 Fetching reviews...
2025-06-08 22:52:22,941 - INFO - 📥 Retrieved 1044 reviews
2025-06-08 22:52:22,946 - INFO - ✅ Saved 1044 reviews to Abyssinia_Bank_20250608_225222.csv
2025-06-08 22:57:49,715 - INFO - 🚀 Script started
2025-06-08 22:57:49,715 - INFO - 🔄 Fetching reviews...
2025-06-08 22:57:52,726 - INFO - 📥 Retrieved 1044 reviews
2025-06-08 22:57:52,730 - INFO - ✅ Saved 1044 reviews to Abyssinia_Bank_20250608_225752.csv
